<?xml version="1.0" encoding="UTF-8"?>
<!-- Generated by org.testng.reporters.JUnitReportReporter -->
<testsuite skipped="0" hostname="DESKTOP-O6G4ARS" name="traillink.tests.TC_03_UpdateProfile" tests="1" failures="0" timestamp="17 Sep 2017 20:30:53 GMT" time="32.322" errors="0">
  <testcase name="login" time="32.322" classname="traillink.tests.TC_03_UpdateProfile"/>
</testsuite> <!-- traillink.tests.TC_03_UpdateProfile -->
