<?xml version="1.0" encoding="UTF-8"?>
<!-- Generated by org.testng.reporters.JUnitReportReporter -->
<testsuite skipped="0" hostname="DESKTOP-O6G4ARS" name="skop.tests.TC_01_URL_System" tests="1" failures="0" timestamp="24 Sep 2017 21:26:16 GMT" time="11.495" errors="0">
  <testcase name="CheckHomeURL" time="11.495" classname="skop.tests.TC_01_URL_System"/>
</testsuite> <!-- skop.tests.TC_01_URL_System -->
