<?xml version="1.0" encoding="UTF-8"?>
<!-- Generated by org.testng.reporters.JUnitReportReporter -->
<testsuite skipped="0" hostname="DESKTOP-I9B6H4A" name="traillink.tests.TC_02_SearchTrail" tests="1" failures="0" timestamp="16 Sep 2017 22:31:45 GMT" time="25.481" errors="0">
  <testcase name="registration" time="25.481" classname="traillink.tests.TC_02_SearchTrail"/>
</testsuite> <!-- traillink.tests.TC_02_SearchTrail -->
